\BOOKMARK [0][-]{chapter*.2}{\376\377\000\040\000L\000i\000s\000t\000e\000\040\000d\000e\000s\000\040\000F\000i\000g\000u\000r\000e\000s\000\040\000\040}{}% 1
\BOOKMARK [0][-]{chapter*.3}{\376\377\000\040\000I\000n\000t\000r\000o\000d\000u\000c\000t\000i\000o\000n\000\040\000\040}{}% 2
\BOOKMARK [0][-]{chapter.1}{\376\377\000\040\000C\000h\000a\000p\000i\000t\000r\000e\000\040\000I\000\040\040\023\000\040\000\040\000\040\000\040\000M\000i\000s\000e\000\040\000e\000n\000\040\000p\000l\000a\000c\000e\000\040\000d\000e\000\040\000l\040\031\000e\000n\000v\000i\000r\000o\000n\000n\000e\000m\000e\000n\000t\000\040\000\040}{}% 3
\BOOKMARK [1][-]{section.1.1}{\376\377\000E\000n\000v\000i\000r\000o\000n\000n\000e\000m\000e\000n\000t\000\040\000d\000e\000\040\000t\000r\000a\000v\000a\000i\000l}{chapter.1}% 4
\BOOKMARK [1][-]{section.1.2}{\376\377\000B\000r\000i\000q\000u\000e\000s\000\040\000l\000o\000g\000i\000c\000i\000e\000l\000l\000e\000s\000\040\000n\000\351\000c\000e\000s\000s\000a\000i\000r\000e\000s}{chapter.1}% 5
\BOOKMARK [1][-]{section.1.3}{\376\377\000I\000n\000s\000t\000a\000l\000l\000a\000t\000i\000o\000n\000\040\000d\000e\000s\000\040\000c\000o\000m\000p\000o\000s\000a\000n\000t\000s}{chapter.1}% 6
\BOOKMARK [1][-]{section.1.4}{\376\377\000A\000u\000t\000o\000m\000a\000t\000i\000s\000a\000t\000i\000o\000n\000\040\000p\000a\000r\000\040\000a\000l\000i\000a\000s}{chapter.1}% 7
\BOOKMARK [0][-]{chapter.2}{\376\377\000\040\000C\000h\000a\000p\000i\000t\000r\000e\000\040\000I\000I\000\040\040\023\000\040\000\040\000\040\000\040\000C\000o\000n\000f\000i\000g\000u\000r\000a\000t\000i\000o\000n\000\040\000e\000t\000\040\000i\000n\000t\000\351\000g\000r\000a\000t\000i\000o\000n\000\040\000\040}{}% 8
\BOOKMARK [1][-]{section.2.1}{\376\377\000C\000o\000n\000f\000i\000g\000u\000r\000a\000t\000i\000o\000n\000\040\000d\000e\000\040\000S\000u\000r\000i\000c\000a\000t\000a}{chapter.2}% 9
\BOOKMARK [2][-]{subsection.2.1.1}{\376\377\000V\000\351\000r\000i\000f\000i\000c\000a\000t\000i\000o\000n\000\040\000d\000u\000\040\000c\000h\000e\000m\000i\000n\000\040\000d\000e\000s\000\040\000r\000\350\000g\000l\000e\000s}{section.2.1}% 10
\BOOKMARK [2][-]{subsection.2.1.2}{\376\377\000A\000j\000o\000u\000t\000\040\000d\000'\000u\000n\000e\000\040\000r\000\350\000g\000l\000e\000\040\000l\000o\000c\000a\000l\000e}{section.2.1}% 11
\BOOKMARK [2][-]{subsection.2.1.3}{\376\377\000T\000e\000s\000t\000\040\000d\000e\000\040\000c\000o\000n\000f\000i\000g\000u\000r\000a\000t\000i\000o\000n}{section.2.1}% 12
\BOOKMARK [2][-]{subsection.2.1.4}{\376\377\000R\000e\000l\000a\000n\000c\000e\000\040\000d\000u\000\040\000s\000e\000r\000v\000i\000c\000e}{section.2.1}% 13
\BOOKMARK [2][-]{subsection.2.1.5}{\376\377\000G\000\351\000n\000\351\000r\000a\000t\000i\000o\000n\000\040\000d\000e\000\040\000t\000r\000a\000f\000i\000c\000\040\000I\000C\000M\000P}{section.2.1}% 14
\BOOKMARK [2][-]{subsection.2.1.6}{\376\377\000V\000\351\000r\000i\000f\000i\000c\000a\000t\000i\000o\000n\000\040\000d\000e\000s\000\040\000a\000l\000e\000r\000t\000e\000s\000\040\000g\000\351\000n\000\351\000r\000\351\000e\000s}{section.2.1}% 15
\BOOKMARK [1][-]{section.2.2}{\376\377\000C\000o\000n\000f\000i\000g\000u\000r\000a\000t\000i\000o\000n\000\040\000d\000e\000\040\000s\000y\000s\000l\000o\000g\000-\000n\000g}{chapter.2}% 16
\BOOKMARK [2][-]{subsection.2.2.1}{\376\377\000F\000i\000c\000h\000i\000e\000r\000\040\000d\000e\000\040\000c\000o\000n\000f\000i\000g\000u\000r\000a\000t\000i\000o\000n}{section.2.2}% 17
\BOOKMARK [2][-]{subsection.2.2.2}{\376\377\000D\000\351\000m\000a\000r\000r\000a\000g\000e\000\040\000e\000t\000\040\000v\000\351\000r\000i\000f\000i\000c\000a\000t\000i\000o\000n\000\040\000d\000u\000\040\000s\000e\000r\000v\000i\000c\000e}{section.2.2}% 18
\BOOKMARK [2][-]{subsection.2.2.3}{\376\377\000C\000o\000p\000i\000e\000\040\000l\000o\000c\000a\000l\000e\000\040\000d\000e\000s\000\040\000\351\000v\000\351\000n\000e\000m\000e\000n\000t\000s}{section.2.2}% 19
\BOOKMARK [2][-]{subsection.2.2.4}{\376\377\000V\000\351\000r\000i\000f\000i\000c\000a\000t\000i\000o\000n\000\040\000c\000\364\000t\000\351\000\040\000K\000i\000b\000a\000n\000a}{section.2.2}% 20
\BOOKMARK [1][-]{section.2.3}{\376\377\000I\000n\000t\000\351\000g\000r\000a\000t\000i\000o\000n\000\040\000d\000e\000s\000\040\000o\000u\000t\000i\000l\000s\000\040\000d\000e\000\040\000v\000i\000s\000u\000a\000l\000i\000s\000a\000t\000i\000o\000n}{chapter.2}% 21
\BOOKMARK [2][-]{subsection.2.3.1}{\376\377\000V\000i\000s\000u\000a\000l\000i\000s\000a\000t\000i\000o\000n\000\040\000e\000t\000\040\000t\000a\000b\000l\000e\000a\000u\000x\000\040\000d\000e\000\040\000b\000o\000r\000d}{section.2.3}% 22
\BOOKMARK [0][-]{chapter.3}{\376\377\000\040\000C\000h\000a\000p\000i\000t\000r\000e\000\040\000I\000I\000I\000\040\040\023\000\040\000\040\000\040\000\040\000S\000c\000\351\000n\000a\000r\000i\000o\000s\000\040\000d\040\031\000i\000n\000t\000r\000u\000s\000i\000o\000n\000\040\000\050\0005\000\040\000c\000a\000s\000\051\000\040\000\040}{}% 23
\BOOKMARK [1][-]{subsection.3.0.1}{\376\377\000S\000c\000\351\000n\000a\000r\000i\000o\000\040\0001\000\040\040\024\000\040\000I\000C\000M\000P\000\040\000\050\000p\000i\000n\000g\000\051}{chapter.3}% 24
\BOOKMARK [2][-]{subsection.3.0.2}{\376\377\000S\000c\000\351\000n\000a\000r\000i\000o\000\040\0002\000\040\040\024\000\040\000R\000e\000c\000o\000n\000n\000a\000i\000s\000s\000a\000n\000c\000e\000\040\000:\000\040\000s\000c\000a\000n\000\040\000N\000m\000a\000p}{subsection.3.0.1}% 25
\BOOKMARK [2][-]{subsection.3.0.3}{\376\377\000S\000c\000\351\000n\000a\000r\000i\000o\000\040\0003\000\040\040\024\000\040\000T\000e\000n\000t\000a\000t\000i\000v\000e\000s\000\040\000S\000S\000H}{subsection.3.0.1}% 26
\BOOKMARK [2][-]{subsection.3.0.4}{\376\377\000S\000c\000\351\000n\000a\000r\000i\000o\000\040\0004\000\040\040\024\000\040\000F\000u\000z\000z\000i\000n\000g\000\040\000w\000e\000b\000\040\000\050\000v\000o\000l\000u\000m\000e\000\040\000\351\000l\000e\000v\000\351\000\051}{subsection.3.0.1}% 27
\BOOKMARK [2][-]{subsection.3.0.5}{\376\377\000S\000c\000\351\000n\000a\000r\000i\000o\000\040\0005\000\040\040\024\000\040\000F\000T\000P\000\040\000:\000\040\000t\000e\000n\000t\000a\000t\000i\000v\000e\000\040\000d\000'\000a\000c\000c\000\350\000s\000\040\000a\000n\000o\000n\000y\000m\000e}{subsection.3.0.1}% 28
\BOOKMARK [0][-]{chapter.4}{\376\377\000\040\000C\000h\000a\000p\000i\000t\000r\000e\000\040\000I\000V\000\040\040\023\000\040\000\040\000\040\000\040\000V\000i\000s\000u\000a\000l\000i\000s\000a\000t\000i\000o\000n\000\040\000e\000t\000\040\000a\000l\000e\000r\000t\000e\000s\000\040\000\040}{}% 29
\BOOKMARK [1][-]{section.4.1}{\376\377\000C\000o\000l\000l\000e\000c\000t\000e\000\040\000e\000t\000\040\000g\000e\000s\000t\000i\000o\000n\000\040\000d\000e\000s\000\040\000l\000o\000g\000s\000\040\000p\000r\000i\000o\000r\000i\000t\000a\000i\000r\000e\000s\000\040\000e\000n\000\040\000s\000\351\000c\000u\000r\000i\000t\000\351}{chapter.4}% 30
\BOOKMARK [2][-]{subsection.4.1.1}{\376\377\000C\000o\000l\000l\000e\000c\000t\000e\000\040\000e\000t\000\040\000t\000r\000a\000n\000s\000f\000e\000r\000t\000\040\000d\000e\000s\000\040\000j\000o\000u\000r\000n\000a\000u\000x}{section.4.1}% 31
\BOOKMARK [2][-]{subsection.4.1.2}{\376\377\000S\000t\000r\000u\000c\000t\000u\000r\000e\000\040\000e\000t\000\040\000r\000o\000t\000a\000t\000i\000o\000n\000\040\000a\000u\000t\000o\000m\000a\000t\000i\000q\000u\000e\000\040\000d\000e\000s\000\040\000l\000o\000g\000s}{section.4.1}% 32
\BOOKMARK [2][-]{subsection.4.1.3}{\376\377\000C\000o\000r\000r\000\351\000l\000a\000t\000i\000o\000n\000\040\000e\000t\000\040\000v\000i\000s\000u\000a\000l\000i\000s\000a\000t\000i\000o\000n\000\040\000d\000a\000n\000s\000\040\000K\000i\000b\000a\000n\000a}{section.4.1}% 33
\BOOKMARK [2][-]{subsection.4.1.4}{\376\377\000S\000y\000n\000t\000h\000\350\000s\000e\000\040\000d\000e\000\040\000l\000a\000\040\000c\000o\000l\000l\000e\000c\000t\000e\000\040\000p\000a\000r\000\040\000s\000c\000\351\000n\000a\000r\000i\000o}{section.4.1}% 34
\BOOKMARK [2][-]{subsection.4.1.5}{\376\377\000J\000u\000s\000t\000i\000f\000i\000c\000a\000t\000i\000o\000n\000\040\000e\000t\000\040\000i\000n\000t\000\351\000r\000\352\000t\000\040\000s\000\351\000c\000u\000r\000i\000t\000\351}{section.4.1}% 35
\BOOKMARK [1][-]{section.4.2}{\376\377\000P\000o\000i\000n\000t\000\040\000b\000o\000n\000u\000s\000\040\040\024\000\040\000T\000a\000b\000l\000e\000a\000u\000\040\000d\000e\000\040\000b\000o\000r\000d\000\040\000K\000i\000b\000a\000n\000a\000\040\000p\000e\000r\000s\000o\000n\000n\000a\000l\000i\000s\000\351}{chapter.4}% 36
\BOOKMARK [1][-]{section.4.3}{\376\377\000P\000o\000i\000n\000t\000\040\000b\000o\000n\000u\000s\000\040\040\024\000\040\000A\000u\000t\000o\000m\000a\000t\000i\000s\000a\000t\000i\000o\000n\000\040\000d\000e\000s\000\040\000a\000l\000e\000r\000t\000e\000s\000\040\000S\000l\000a\000c\000k}{chapter.4}% 37
\BOOKMARK [1][-]{section.4.4}{\376\377\000P\000o\000i\000n\000t\000\040\000b\000o\000n\000u\000s\000\040\040\024\000\040\000S\000c\000h\000\351\000m\000a\000\040\000d\000'\000a\000r\000c\000h\000i\000t\000e\000c\000t\000u\000r\000e\000\040\000\050\000M\000e\000r\000m\000a\000i\000d\000\051}{chapter.4}% 38
\BOOKMARK [0][-]{chapter.5}{\376\377\000\040\000C\000h\000a\000p\000i\000t\000r\000e\000\040\000V\000\040\040\023\000\040\000\040\000\040\000\040\000A\000n\000a\000l\000y\000s\000e\000\040\000e\000t\000\040\000d\000i\000s\000c\000u\000s\000s\000i\000o\000n\000\040\000\040}{}% 39
\BOOKMARK [0][-]{chapter*.38}{\376\377\000\040\000C\000o\000n\000c\000l\000u\000s\000i\000o\000n\000\040\000\040}{}% 40
